app/build/intermediates/manifest_merge_blame_file/debug/processDebugMainManifest/manifest-merger-blame-debug-report.txt
1<?xml version="1.0" encoding="utf-8"?>
2<manifest xmlns:android="http://schemas.android.com/apk/res/android"
3    package="com.cookandroid.jarvis_project"
4    android:versionCode="1"
5    android:versionName="1.0" >
6
7    <uses-sdk
8        android:minSdkVersion="26"
9        android:targetSdkVersion="34" />
10
11    <uses-permission android:name="android.permission.POST_NOTIFICATIONS" />
11-->src/main/AndroidManifest.xml:5:5-77
11-->src/main/AndroidManifest.xml:5:22-74
12    <uses-permission android:name="com.android.alarm.permission.SET_ALARM" />
12-->src/main/AndroidManifest.xml:6:5-78
12-->src/main/AndroidManifest.xml:6:22-75
13    <uses-permission android:name="android.permission.INTERNET" />
13-->src/main/AndroidManifest.xml:7:5-67
13-->src/main/AndroidManifest.xml:7:22-64
14    <uses-permission android:name="android.permission.RECEIVE_BOOT_COMPLETED" />
14-->src/main/AndroidManifest.xml:8:5-81
14-->src/main/AndroidManifest.xml:8:22-78
15    <uses-permission android:name="android.permission.VIBRATE" />
15-->src/main/AndroidManifest.xml:9:5-66
15-->src/main/AndroidManifest.xml:9:22-63
16    <uses-permission android:name="android.permission.ACCESS_FINE_LOCATION" />
16-->src/main/AndroidManifest.xml:10:5-78
16-->src/main/AndroidManifest.xml:10:22-76
17    <uses-permission android:name="android.permission.ACCESS_COARSE_LOCATION" />
17-->src/main/AndroidManifest.xml:11:5-80
17-->src/main/AndroidManifest.xml:11:22-78
18    <uses-permission android:name="android.permission.WAKE_LOCK" />
18-->src/main/AndroidManifest.xml:12:5-68
18-->src/main/AndroidManifest.xml:12:22-65
19    <uses-permission android:name="android.permission.ACCESS_NETWORK_STATE" /> <!-- Required by older versions of Google Play services to create IID tokens -->
19-->[com.google.firebase:firebase-messaging:24.0.0] AndroidManifest.xml:22:5-79
19-->[com.google.firebase:firebase-messaging:24.0.0] AndroidManifest.xml:22:22-76
20    <uses-permission android:name="com.google.android.c2dm.permission.RECEIVE" />
20-->[com.google.firebase:firebase-messaging:24.0.0] AndroidManifest.xml:26:5-82
20-->[com.google.firebase:firebase-messaging:24.0.0] AndroidManifest.xml:26:22-79
21
22    <meta-data
22-->[com.kakao.maps.open:android:2.9.5] AndroidManifest.xml:7:5-9:29
23        android:name="com.kakao.vectormap.version.code"
23-->[com.kakao.maps.open:android:2.9.5] AndroidManifest.xml:8:9-56
24        android:value="1" />
24-->[com.kakao.maps.open:android:2.9.5] AndroidManifest.xml:9:9-26
25
26    <uses-permission android:name="com.google.android.finsky.permission.BIND_GET_INSTALL_REFERRER_SERVICE" />
26-->[com.google.android.gms:play-services-measurement:22.0.0] AndroidManifest.xml:26:5-110
26-->[com.google.android.gms:play-services-measurement:22.0.0] AndroidManifest.xml:26:22-107
27    <uses-permission android:name="com.google.android.gms.permission.AD_ID" />
27-->[com.google.android.gms:play-services-measurement-api:22.0.0] AndroidManifest.xml:25:5-79
27-->[com.google.android.gms:play-services-measurement-api:22.0.0] AndroidManifest.xml:25:22-76
28    <uses-permission android:name="android.permission.ACCESS_ADSERVICES_ATTRIBUTION" />
28-->[com.google.android.gms:play-services-measurement-api:22.0.0] AndroidManifest.xml:26:5-88
28-->[com.google.android.gms:play-services-measurement-api:22.0.0] AndroidManifest.xml:26:22-85
29    <uses-permission android:name="android.permission.ACCESS_ADSERVICES_AD_ID" />
29-->[com.google.android.gms:play-services-measurement-api:22.0.0] AndroidManifest.xml:27:5-82
29-->[com.google.android.gms:play-services-measurement-api:22.0.0] AndroidManifest.xml:27:22-79
30
31    <permission
31-->[androidx.core:core:1.9.0] AndroidManifest.xml:22:5-24:47
32        android:name="com.cookandroid.jarvis_project.DYNAMIC_RECEIVER_NOT_EXPORTED_PERMISSION"
32-->[androidx.core:core:1.9.0] AndroidManifest.xml:23:9-81
33        android:protectionLevel="signature" />
33-->[androidx.core:core:1.9.0] AndroidManifest.xml:24:9-44
34
35    <uses-permission android:name="com.cookandroid.jarvis_project.DYNAMIC_RECEIVER_NOT_EXPORTED_PERMISSION" />
35-->[androidx.core:core:1.9.0] AndroidManifest.xml:26:5-97
35-->[androidx.core:core:1.9.0] AndroidManifest.xml:26:22-94
36
37    <application
37-->src/main/AndroidManifest.xml:14:5-86:19
38        android:allowBackup="true"
38-->src/main/AndroidManifest.xml:16:9-35
39        android:appComponentFactory="androidx.core.app.CoreComponentFactory"
39-->[androidx.core:core:1.9.0] AndroidManifest.xml:28:18-86
40        android:dataExtractionRules="@xml/data_extraction_rules"
40-->src/main/AndroidManifest.xml:17:9-65
41        android:debuggable="true"
42        android:enableOnBackInvokedCallback="true"
42-->src/main/AndroidManifest.xml:23:9-51
43        android:extractNativeLibs="false"
44        android:fullBackupContent="@xml/backup_rules"
44-->src/main/AndroidManifest.xml:18:9-54
45        android:icon="@mipmap/ic_launcher"
45-->src/main/AndroidManifest.xml:19:9-43
46        android:label="@string/app_name"
46-->src/main/AndroidManifest.xml:20:9-41
47        android:roundIcon="@mipmap/ic_launcher_round"
47-->src/main/AndroidManifest.xml:21:9-54
48        android:supportsRtl="true"
48-->src/main/AndroidManifest.xml:22:9-35
49        android:testOnly="true"
50        android:theme="@style/Theme.Jarvis_Project"
50-->src/main/AndroidManifest.xml:24:9-52
51        android:usesCleartextTraffic="true" >
51-->src/main/AndroidManifest.xml:15:9-46
52        <activity
52-->src/main/AndroidManifest.xml:27:9-35:20
53            android:name="com.cookandroid.jarvis_project.MainActivity"
53-->src/main/AndroidManifest.xml:28:13-41
54            android:exported="true" >
54-->src/main/AndroidManifest.xml:29:13-36
55            <intent-filter>
55-->src/main/AndroidManifest.xml:30:13-34:29
56                <action android:name="android.intent.action.MAIN" />
56-->src/main/AndroidManifest.xml:31:17-69
56-->src/main/AndroidManifest.xml:31:25-66
57
58                <category android:name="android.intent.category.LAUNCHER" />
58-->src/main/AndroidManifest.xml:33:17-77
58-->src/main/AndroidManifest.xml:33:27-74
59            </intent-filter>
60        </activity>
61
62        <meta-data
62-->src/main/AndroidManifest.xml:36:9-38:63
63            android:name="com.cookandroid.jarvis_project"
63-->src/main/AndroidManifest.xml:37:13-58
64            android:value="e0036c32372bfece6a328fdecf90f17c" />
64-->src/main/AndroidManifest.xml:38:13-61
65        <!--
66     Set custom default icon. This is used when no icon is set for incoming notification messages.
67     See README(https://goo.gl/l4GJaQ) for more.
68        -->
69        <meta-data
69-->src/main/AndroidManifest.xml:41:9-43:58
70            android:name="com.google.firebase.messaging.default_notification_icon"
70-->src/main/AndroidManifest.xml:42:13-83
71            android:resource="@drawable/festival_24px" />
71-->src/main/AndroidManifest.xml:43:13-55
72        <!--
73             Set color used with incoming notification messages. This is used when no color is set for the incoming
74             notification message. See README(https://goo.gl/6BKBk7) for more.
75        -->
76        <meta-data
76-->src/main/AndroidManifest.xml:46:9-48:53
77            android:name="com.google.firebase.messaging.default_notification_color"
77-->src/main/AndroidManifest.xml:47:13-84
78            android:resource="@color/colorAccent" />
78-->src/main/AndroidManifest.xml:48:13-50
79
80        <activity android:name="com.cookandroid.jarvis_project.mainmap" />
80-->src/main/AndroidManifest.xml:49:9-46
80-->src/main/AndroidManifest.xml:49:19-43
81        <activity android:name="com.cookandroid.jarvis_project.route" />
81-->src/main/AndroidManifest.xml:50:9-41
81-->src/main/AndroidManifest.xml:50:19-39
82        <activity android:name="com.cookandroid.jarvis_project.time" />
82-->src/main/AndroidManifest.xml:51:9-42
82-->src/main/AndroidManifest.xml:51:19-40
83        <activity android:name="com.cookandroid.jarvis_project.citybus" />
83-->src/main/AndroidManifest.xml:52:9-43
83-->src/main/AndroidManifest.xml:52:19-41
84        <activity android:name="com.cookandroid.jarvis_project.busgo" />
84-->src/main/AndroidManifest.xml:53:9-41
84-->src/main/AndroidManifest.xml:53:19-39
85        <activity android:name="com.cookandroid.jarvis_project.bus_main" />
85-->src/main/AndroidManifest.xml:54:9-44
85-->src/main/AndroidManifest.xml:54:19-42
86        <activity android:name="com.cookandroid.jarvis_project.schoolAlarm" />
86-->src/main/AndroidManifest.xml:55:9-47
86-->src/main/AndroidManifest.xml:55:19-45
87        <activity android:name="com.cookandroid.jarvis_project.Restaurant" />
87-->src/main/AndroidManifest.xml:56:9-46
87-->src/main/AndroidManifest.xml:56:19-44
88        <activity android:name="com.cookandroid.jarvis_project.globalcafe" />
88-->src/main/AndroidManifest.xml:57:9-46
88-->src/main/AndroidManifest.xml:57:19-44
89        <activity android:name="com.cookandroid.jarvis_project.engineercafe" />
89-->src/main/AndroidManifest.xml:58:9-48
89-->src/main/AndroidManifest.xml:58:19-46
90        <activity android:name="com.cookandroid.jarvis_project.whitecafe" />
90-->src/main/AndroidManifest.xml:59:9-45
90-->src/main/AndroidManifest.xml:59:19-43
91        <activity android:name="com.cookandroid.jarvis_project.festival" />
91-->src/main/AndroidManifest.xml:60:9-45
91-->src/main/AndroidManifest.xml:60:19-43
92        <activity android:name="com.cookandroid.jarvis_project.database.festival_list" />
92-->src/main/AndroidManifest.xml:61:9-59
92-->src/main/AndroidManifest.xml:61:19-57
93        <activity android:name="com.cookandroid.jarvis_project.database.show_festival" />
93-->src/main/AndroidManifest.xml:62:9-59
93-->src/main/AndroidManifest.xml:62:19-57
94        <activity
94-->src/main/AndroidManifest.xml:63:9-65:40
95            android:name="com.cookandroid.jarvis_project.database.bus_tip_post"
95-->src/main/AndroidManifest.xml:64:13-50
96            android:exported="false" />
96-->src/main/AndroidManifest.xml:65:13-37
97        <activity
97-->src/main/AndroidManifest.xml:66:9-68:40
98            android:name="com.cookandroid.jarvis_project.database.bus_tip_list"
98-->src/main/AndroidManifest.xml:67:13-50
99            android:exported="false" />
99-->src/main/AndroidManifest.xml:68:13-37
100
101        <receiver
101-->src/main/AndroidManifest.xml:70:9-77:20
102            android:name="com.cookandroid.jarvis_project.AlarmReceiver"
102-->src/main/AndroidManifest.xml:70:19-48
103            android:enabled="true"
103-->src/main/AndroidManifest.xml:71:13-35
104            android:exported="false" >
104-->src/main/AndroidManifest.xml:72:13-37
105            <intent-filter>
105-->src/main/AndroidManifest.xml:73:13-75:29
106                <action android:name="android.intent.action.BOOT_COMPLETED" />
106-->src/main/AndroidManifest.xml:74:17-79
106-->src/main/AndroidManifest.xml:74:25-76
107            </intent-filter>
108        </receiver>
109
110        <service
110-->src/main/AndroidManifest.xml:78:9-84:19
111            android:name="com.cookandroid.jarvis_project.MyFirebaseMessagingService"
111-->src/main/AndroidManifest.xml:79:13-55
112            android:exported="false" >
112-->src/main/AndroidManifest.xml:80:13-37
113            <intent-filter>
113-->src/main/AndroidManifest.xml:81:13-83:29
114                <action android:name="com.google.firebase.MESSAGING_EVENT" />
114-->src/main/AndroidManifest.xml:82:17-78
114-->src/main/AndroidManifest.xml:82:25-75
115            </intent-filter>
116        </service>
117
118        <receiver
118-->[com.google.firebase:firebase-messaging:24.0.0] AndroidManifest.xml:29:9-40:20
119            android:name="com.google.firebase.iid.FirebaseInstanceIdReceiver"
119-->[com.google.firebase:firebase-messaging:24.0.0] AndroidManifest.xml:30:13-78
120            android:exported="true"
120-->[com.google.firebase:firebase-messaging:24.0.0] AndroidManifest.xml:31:13-36
121            android:permission="com.google.android.c2dm.permission.SEND" >
121-->[com.google.firebase:firebase-messaging:24.0.0] AndroidManifest.xml:32:13-73
122            <intent-filter>
122-->[com.google.firebase:firebase-messaging:24.0.0] AndroidManifest.xml:33:13-35:29
123                <action android:name="com.google.android.c2dm.intent.RECEIVE" />
123-->[com.google.firebase:firebase-messaging:24.0.0] AndroidManifest.xml:34:17-81
123-->[com.google.firebase:firebase-messaging:24.0.0] AndroidManifest.xml:34:25-78
124            </intent-filter>
125
126            <meta-data
126-->[com.google.firebase:firebase-messaging:24.0.0] AndroidManifest.xml:37:13-39:40
127                android:name="com.google.android.gms.cloudmessaging.FINISHED_AFTER_HANDLED"
127-->[com.google.firebase:firebase-messaging:24.0.0] AndroidManifest.xml:38:17-92
128                android:value="true" />
128-->[com.google.firebase:firebase-messaging:24.0.0] AndroidManifest.xml:39:17-37
129        </receiver>
130        <!--
131             FirebaseMessagingService performs security checks at runtime,
132             but set to not exported to explicitly avoid allowing another app to call it.
133        -->
134        <service
134-->[com.google.firebase:firebase-messaging:24.0.0] AndroidManifest.xml:46:9-53:19
135            android:name="com.google.firebase.messaging.FirebaseMessagingService"
135-->[com.google.firebase:firebase-messaging:24.0.0] AndroidManifest.xml:47:13-82
136            android:directBootAware="true"
136-->[com.google.firebase:firebase-messaging:24.0.0] AndroidManifest.xml:48:13-43
137            android:exported="false" >
137-->[com.google.firebase:firebase-messaging:24.0.0] AndroidManifest.xml:49:13-37
138            <intent-filter android:priority="-500" >
138-->src/main/AndroidManifest.xml:81:13-83:29
139                <action android:name="com.google.firebase.MESSAGING_EVENT" />
139-->src/main/AndroidManifest.xml:82:17-78
139-->src/main/AndroidManifest.xml:82:25-75
140            </intent-filter>
141        </service>
142        <service
142-->[com.google.firebase:firebase-messaging:24.0.0] AndroidManifest.xml:54:9-63:19
143            android:name="com.google.firebase.components.ComponentDiscoveryService"
143-->[com.google.firebase:firebase-messaging:24.0.0] AndroidManifest.xml:55:13-84
144            android:directBootAware="true"
144-->[com.google.firebase:firebase-common:21.0.0] AndroidManifest.xml:32:13-43
145            android:exported="false" >
145-->[com.google.firebase:firebase-messaging:24.0.0] AndroidManifest.xml:56:13-37
146            <meta-data
146-->[com.google.firebase:firebase-messaging:24.0.0] AndroidManifest.xml:57:13-59:85
147                android:name="com.google.firebase.components:com.google.firebase.messaging.FirebaseMessagingKtxRegistrar"
147-->[com.google.firebase:firebase-messaging:24.0.0] AndroidManifest.xml:58:17-122
148                android:value="com.google.firebase.components.ComponentRegistrar" />
148-->[com.google.firebase:firebase-messaging:24.0.0] AndroidManifest.xml:59:17-82
149            <meta-data
149-->[com.google.firebase:firebase-messaging:24.0.0] AndroidManifest.xml:60:13-62:85
150                android:name="com.google.firebase.components:com.google.firebase.messaging.FirebaseMessagingRegistrar"
150-->[com.google.firebase:firebase-messaging:24.0.0] AndroidManifest.xml:61:17-119
151                android:value="com.google.firebase.components.ComponentRegistrar" />
151-->[com.google.firebase:firebase-messaging:24.0.0] AndroidManifest.xml:62:17-82
152            <meta-data
152-->[com.google.firebase:firebase-storage:21.0.0] AndroidManifest.xml:30:13-32:85
153                android:name="com.google.firebase.components:com.google.firebase.storage.FirebaseStorageKtxRegistrar"
153-->[com.google.firebase:firebase-storage:21.0.0] AndroidManifest.xml:31:17-118
154                android:value="com.google.firebase.components.ComponentRegistrar" />
154-->[com.google.firebase:firebase-storage:21.0.0] AndroidManifest.xml:32:17-82
155            <meta-data
155-->[com.google.firebase:firebase-storage:21.0.0] AndroidManifest.xml:33:13-35:85
156                android:name="com.google.firebase.components:com.google.firebase.storage.StorageRegistrar"
156-->[com.google.firebase:firebase-storage:21.0.0] AndroidManifest.xml:34:17-107
157                android:value="com.google.firebase.components.ComponentRegistrar" />
157-->[com.google.firebase:firebase-storage:21.0.0] AndroidManifest.xml:35:17-82
158            <meta-data
158-->[com.google.firebase:firebase-database:21.0.0] AndroidManifest.xml:29:13-31:85
159                android:name="com.google.firebase.components:com.google.firebase.database.FirebaseDatabaseKtxRegistrar"
159-->[com.google.firebase:firebase-database:21.0.0] AndroidManifest.xml:30:17-120
160                android:value="com.google.firebase.components.ComponentRegistrar" />
160-->[com.google.firebase:firebase-database:21.0.0] AndroidManifest.xml:31:17-82
161            <meta-data
161-->[com.google.firebase:firebase-database:21.0.0] AndroidManifest.xml:32:13-34:85
162                android:name="com.google.firebase.components:com.google.firebase.database.DatabaseRegistrar"
162-->[com.google.firebase:firebase-database:21.0.0] AndroidManifest.xml:33:17-109
163                android:value="com.google.firebase.components.ComponentRegistrar" />
163-->[com.google.firebase:firebase-database:21.0.0] AndroidManifest.xml:34:17-82
164            <meta-data
164-->[com.google.firebase:firebase-appcheck:18.0.0] AndroidManifest.xml:25:13-27:85
165                android:name="com.google.firebase.components:com.google.firebase.appcheck.FirebaseAppCheckKtxRegistrar"
165-->[com.google.firebase:firebase-appcheck:18.0.0] AndroidManifest.xml:26:17-120
166                android:value="com.google.firebase.components.ComponentRegistrar" />
166-->[com.google.firebase:firebase-appcheck:18.0.0] AndroidManifest.xml:27:17-82
167            <meta-data
167-->[com.google.firebase:firebase-appcheck:18.0.0] AndroidManifest.xml:28:13-30:85
168                android:name="com.google.firebase.components:com.google.firebase.appcheck.FirebaseAppCheckRegistrar"
168-->[com.google.firebase:firebase-appcheck:18.0.0] AndroidManifest.xml:29:17-117
169                android:value="com.google.firebase.components.ComponentRegistrar" />
169-->[com.google.firebase:firebase-appcheck:18.0.0] AndroidManifest.xml:30:17-82
170            <meta-data
170-->[com.google.android.gms:play-services-measurement-api:22.0.0] AndroidManifest.xml:37:13-39:85
171                android:name="com.google.firebase.components:com.google.firebase.analytics.connector.internal.AnalyticsConnectorRegistrar"
171-->[com.google.android.gms:play-services-measurement-api:22.0.0] AndroidManifest.xml:38:17-139
172                android:value="com.google.firebase.components.ComponentRegistrar" />
172-->[com.google.android.gms:play-services-measurement-api:22.0.0] AndroidManifest.xml:39:17-82
173            <meta-data
173-->[com.google.firebase:firebase-installations:18.0.0] AndroidManifest.xml:15:13-17:85
174                android:name="com.google.firebase.components:com.google.firebase.installations.FirebaseInstallationsKtxRegistrar"
174-->[com.google.firebase:firebase-installations:18.0.0] AndroidManifest.xml:16:17-130
175                android:value="com.google.firebase.components.ComponentRegistrar" />
175-->[com.google.firebase:firebase-installations:18.0.0] AndroidManifest.xml:17:17-82
176            <meta-data
176-->[com.google.firebase:firebase-installations:18.0.0] AndroidManifest.xml:18:13-20:85
177                android:name="com.google.firebase.components:com.google.firebase.installations.FirebaseInstallationsRegistrar"
177-->[com.google.firebase:firebase-installations:18.0.0] AndroidManifest.xml:19:17-127
178                android:value="com.google.firebase.components.ComponentRegistrar" />
178-->[com.google.firebase:firebase-installations:18.0.0] AndroidManifest.xml:20:17-82
179            <meta-data
179-->[com.google.firebase:firebase-common-ktx:21.0.0] AndroidManifest.xml:12:13-14:85
180                android:name="com.google.firebase.components:com.google.firebase.ktx.FirebaseCommonLegacyRegistrar"
180-->[com.google.firebase:firebase-common-ktx:21.0.0] AndroidManifest.xml:13:17-116
181                android:value="com.google.firebase.components.ComponentRegistrar" />
181-->[com.google.firebase:firebase-common-ktx:21.0.0] AndroidManifest.xml:14:17-82
182            <meta-data
182-->[com.google.firebase:firebase-common:21.0.0] AndroidManifest.xml:35:13-37:85
183                android:name="com.google.firebase.components:com.google.firebase.FirebaseCommonKtxRegistrar"
183-->[com.google.firebase:firebase-common:21.0.0] AndroidManifest.xml:36:17-109
184                android:value="com.google.firebase.components.ComponentRegistrar" />
184-->[com.google.firebase:firebase-common:21.0.0] AndroidManifest.xml:37:17-82
185            <meta-data
185-->[com.google.firebase:firebase-datatransport:18.2.0] AndroidManifest.xml:25:13-27:85
186                android:name="com.google.firebase.components:com.google.firebase.datatransport.TransportRegistrar"
186-->[com.google.firebase:firebase-datatransport:18.2.0] AndroidManifest.xml:26:17-115
187                android:value="com.google.firebase.components.ComponentRegistrar" />
187-->[com.google.firebase:firebase-datatransport:18.2.0] AndroidManifest.xml:27:17-82
188        </service>
189
190        <provider
190-->[com.squareup.picasso:picasso:2.8] AndroidManifest.xml:8:9-11:40
191            android:name="com.squareup.picasso.PicassoProvider"
191-->[com.squareup.picasso:picasso:2.8] AndroidManifest.xml:9:13-64
192            android:authorities="com.cookandroid.jarvis_project.com.squareup.picasso"
192-->[com.squareup.picasso:picasso:2.8] AndroidManifest.xml:10:13-72
193            android:exported="false" />
193-->[com.squareup.picasso:picasso:2.8] AndroidManifest.xml:11:13-37
194
195        <activity
195-->[com.google.android.gms:play-services-base:18.1.0] AndroidManifest.xml:20:9-22:45
196            android:name="com.google.android.gms.common.api.GoogleApiActivity"
196-->[com.google.android.gms:play-services-base:18.1.0] AndroidManifest.xml:20:19-85
197            android:exported="false"
197-->[com.google.android.gms:play-services-base:18.1.0] AndroidManifest.xml:22:19-43
198            android:theme="@android:style/Theme.Translucent.NoTitleBar" />
198-->[com.google.android.gms:play-services-base:18.1.0] AndroidManifest.xml:21:19-78
199
200        <receiver
200-->[com.google.android.gms:play-services-measurement:22.0.0] AndroidManifest.xml:29:9-33:20
201            android:name="com.google.android.gms.measurement.AppMeasurementReceiver"
201-->[com.google.android.gms:play-services-measurement:22.0.0] AndroidManifest.xml:30:13-85
202            android:enabled="true"
202-->[com.google.android.gms:play-services-measurement:22.0.0] AndroidManifest.xml:31:13-35
203            android:exported="false" >
203-->[com.google.android.gms:play-services-measurement:22.0.0] AndroidManifest.xml:32:13-37
204        </receiver>
205
206        <service
206-->[com.google.android.gms:play-services-measurement:22.0.0] AndroidManifest.xml:35:9-38:40
207            android:name="com.google.android.gms.measurement.AppMeasurementService"
207-->[com.google.android.gms:play-services-measurement:22.0.0] AndroidManifest.xml:36:13-84
208            android:enabled="true"
208-->[com.google.android.gms:play-services-measurement:22.0.0] AndroidManifest.xml:37:13-35
209            android:exported="false" />
209-->[com.google.android.gms:play-services-measurement:22.0.0] AndroidManifest.xml:38:13-37
210        <service
210-->[com.google.android.gms:play-services-measurement:22.0.0] AndroidManifest.xml:39:9-43:72
211            android:name="com.google.android.gms.measurement.AppMeasurementJobService"
211-->[com.google.android.gms:play-services-measurement:22.0.0] AndroidManifest.xml:40:13-87
212            android:enabled="true"
212-->[com.google.android.gms:play-services-measurement:22.0.0] AndroidManifest.xml:41:13-35
213            android:exported="false"
213-->[com.google.android.gms:play-services-measurement:22.0.0] AndroidManifest.xml:42:13-37
214            android:permission="android.permission.BIND_JOB_SERVICE" />
214-->[com.google.android.gms:play-services-measurement:22.0.0] AndroidManifest.xml:43:13-69
215
216        <property
216-->[com.google.android.gms:play-services-measurement-api:22.0.0] AndroidManifest.xml:30:9-32:61
217            android:name="android.adservices.AD_SERVICES_CONFIG"
217-->[com.google.android.gms:play-services-measurement-api:22.0.0] AndroidManifest.xml:31:13-65
218            android:resource="@xml/ga_ad_services_config" />
218-->[com.google.android.gms:play-services-measurement-api:22.0.0] AndroidManifest.xml:32:13-58
219
220        <provider
220-->[com.google.firebase:firebase-common:21.0.0] AndroidManifest.xml:23:9-28:39
221            android:name="com.google.firebase.provider.FirebaseInitProvider"
221-->[com.google.firebase:firebase-common:21.0.0] AndroidManifest.xml:24:13-77
222            android:authorities="com.cookandroid.jarvis_project.firebaseinitprovider"
222-->[com.google.firebase:firebase-common:21.0.0] AndroidManifest.xml:25:13-72
223            android:directBootAware="true"
223-->[com.google.firebase:firebase-common:21.0.0] AndroidManifest.xml:26:13-43
224            android:exported="false"
224-->[com.google.firebase:firebase-common:21.0.0] AndroidManifest.xml:27:13-37
225            android:initOrder="100" />
225-->[com.google.firebase:firebase-common:21.0.0] AndroidManifest.xml:28:13-36
226
227        <uses-library
227-->[androidx.privacysandbox.ads:ads-adservices:1.0.0-beta05] AndroidManifest.xml:23:9-25:40
228            android:name="android.ext.adservices"
228-->[androidx.privacysandbox.ads:ads-adservices:1.0.0-beta05] AndroidManifest.xml:24:13-50
229            android:required="false" />
229-->[androidx.privacysandbox.ads:ads-adservices:1.0.0-beta05] AndroidManifest.xml:25:13-37
230
231        <provider
231-->[androidx.emoji2:emoji2:1.2.0] AndroidManifest.xml:24:9-32:20
232            android:name="androidx.startup.InitializationProvider"
232-->[androidx.emoji2:emoji2:1.2.0] AndroidManifest.xml:25:13-67
233            android:authorities="com.cookandroid.jarvis_project.androidx-startup"
233-->[androidx.emoji2:emoji2:1.2.0] AndroidManifest.xml:26:13-68
234            android:exported="false" >
234-->[androidx.emoji2:emoji2:1.2.0] AndroidManifest.xml:27:13-37
235            <meta-data
235-->[androidx.emoji2:emoji2:1.2.0] AndroidManifest.xml:29:13-31:52
236                android:name="androidx.emoji2.text.EmojiCompatInitializer"
236-->[androidx.emoji2:emoji2:1.2.0] AndroidManifest.xml:30:17-75
237                android:value="androidx.startup" />
237-->[androidx.emoji2:emoji2:1.2.0] AndroidManifest.xml:31:17-49
238            <meta-data
238-->[androidx.lifecycle:lifecycle-process:2.6.1] AndroidManifest.xml:29:13-31:52
239                android:name="androidx.lifecycle.ProcessLifecycleInitializer"
239-->[androidx.lifecycle:lifecycle-process:2.6.1] AndroidManifest.xml:30:17-78
240                android:value="androidx.startup" />
240-->[androidx.lifecycle:lifecycle-process:2.6.1] AndroidManifest.xml:31:17-49
241            <meta-data
241-->[androidx.profileinstaller:profileinstaller:1.3.0] AndroidManifest.xml:29:13-31:52
242                android:name="androidx.profileinstaller.ProfileInstallerInitializer"
242-->[androidx.profileinstaller:profileinstaller:1.3.0] AndroidManifest.xml:30:17-85
243                android:value="androidx.startup" />
243-->[androidx.profileinstaller:profileinstaller:1.3.0] AndroidManifest.xml:31:17-49
244        </provider>
245
246        <meta-data
246-->[com.google.android.gms:play-services-basement:18.3.0] AndroidManifest.xml:21:9-23:69
247            android:name="com.google.android.gms.version"
247-->[com.google.android.gms:play-services-basement:18.3.0] AndroidManifest.xml:22:13-58
248            android:value="@integer/google_play_services_version" />
248-->[com.google.android.gms:play-services-basement:18.3.0] AndroidManifest.xml:23:13-66
249
250        <service
250-->[com.google.android.datatransport:transport-backend-cct:3.1.9] AndroidManifest.xml:28:9-34:19
251            android:name="com.google.android.datatransport.runtime.backends.TransportBackendDiscovery"
251-->[com.google.android.datatransport:transport-backend-cct:3.1.9] AndroidManifest.xml:29:13-103
252            android:exported="false" >
252-->[com.google.android.datatransport:transport-backend-cct:3.1.9] AndroidManifest.xml:30:13-37
253            <meta-data
253-->[com.google.android.datatransport:transport-backend-cct:3.1.9] AndroidManifest.xml:31:13-33:39
254                android:name="backend:com.google.android.datatransport.cct.CctBackendFactory"
254-->[com.google.android.datatransport:transport-backend-cct:3.1.9] AndroidManifest.xml:32:17-94
255                android:value="cct" />
255-->[com.google.android.datatransport:transport-backend-cct:3.1.9] AndroidManifest.xml:33:17-36
256        </service>
257        <service
257-->[com.google.android.datatransport:transport-runtime:3.1.9] AndroidManifest.xml:26:9-30:19
258            android:name="com.google.android.datatransport.runtime.scheduling.jobscheduling.JobInfoSchedulerService"
258-->[com.google.android.datatransport:transport-runtime:3.1.9] AndroidManifest.xml:27:13-117
259            android:exported="false"
259-->[com.google.android.datatransport:transport-runtime:3.1.9] AndroidManifest.xml:28:13-37
260            android:permission="android.permission.BIND_JOB_SERVICE" >
260-->[com.google.android.datatransport:transport-runtime:3.1.9] AndroidManifest.xml:29:13-69
261        </service>
262
263        <receiver
263-->[com.google.android.datatransport:transport-runtime:3.1.9] AndroidManifest.xml:32:9-34:40